<?xml version="1.0" encoding="UTF-8"?>
<!-- Generated by org.testng.reporters.JUnitReportReporter -->
<testsuite hostname="Anuj-PC" failures="0" tests="2" name="Practice.AppiumTest" time="0.025" errors="0" timestamp="2020-07-07T22:57:53 IST" skipped="0">
  <testcase classname="Practice.AppiumTest" name="testAppium" time="0.003"/>
  <system-out/>
  <testcase classname="Practice.AppiumTest" name="learnAppium" time="0.022"/>
  <system-out/>
</testsuite> <!-- Practice.AppiumTest -->
