<?xml version="1.0" encoding="UTF-8"?>
<!-- Generated by org.testng.reporters.JUnitReportReporter -->
<testsuite hostname="Anuj-PC" failures="0" tests="2" name="Practice.RestAPITest" time="0.014" errors="0" timestamp="2021-05-07T18:27:18 PDT" skipped="0">
  <testcase classname="Practice.RestAPITest" name="learnRestAPI" time="0.011"/>
  <system-out/>
  <testcase classname="Practice.RestAPITest" name="testRestAPIa" time="0.003"/>
  <system-out/>
</testsuite> <!-- Practice.RestAPITest -->
