<?xml version="1.0" encoding="UTF-8"?>
<!-- Generated by org.testng.reporters.JUnitReportReporter -->
<testsuite hostname="Anuj-PC" failures="0" tests="2" name="Practice.RestAPITest" time="0.001" errors="0" timestamp="15 Apr 2021 03:41:06 GMT" skipped="0">
  <testcase classname="Practice.RestAPITest" name="learnRestAPI" time="0.000"/>
  <testcase classname="Practice.RestAPITest" name="testRestAPIa" time="0.001"/>
</testsuite> <!-- Practice.RestAPITest -->
