<?xml version="1.0" encoding="UTF-8"?>
<!-- Generated by org.testng.reporters.JUnitReportReporter -->
<testsuite hostname="Anuj-PC" failures="0" tests="2" name="Practice.AppiumTest" time="0.000" errors="0" timestamp="15 Apr 2021 03:41:06 GMT" skipped="0">
  <testcase classname="Practice.AppiumTest" name="testAppium" time="0.000"/>
  <testcase classname="Practice.AppiumTest" name="learnAppium" time="0.000"/>
</testsuite> <!-- Practice.AppiumTest -->
