<?xml version="1.0" encoding="UTF-8"?>
<!-- Generated by org.testng.reporters.JUnitReportReporter -->
<testsuite hostname="Anuj-PC" failures="0" tests="1" name="Practice.SeleniumTest" time="0.009" errors="0" timestamp="15 Apr 2021 03:41:06 GMT" skipped="0">
  <testcase classname="Practice.SeleniumTest" name="learnSelenium" time="0.009"/>
</testsuite> <!-- Practice.SeleniumTest -->
